Using pre-set license
Built from '2021.3/staging' branch; Version is '2021.3.25f1 (68ef2c4f8861) revision 6876972'; Using compiler version '192829333'; Build Type 'Release'
OS: 'Windows 10  (10.0.19045) 64bit ProfessionalWorkstation' Language: 'es' Physical Memory: 16197 MB
BatchMode: 1, IsHumanControllingUs: 0, StartBugReporterOnCrash: 0, Is64bit: 1, IsPro: 1

COMMAND LINE ARGUMENTS:
E:\Games\Unity Hub\2021.3.25f1\Editor\Unity.exe
-adb2
-batchMode
-noUpm
-name
AssetImportWorker0
-projectPath
C:/Users/Mati/My project (1)
-logFile
Logs/AssetImportWorker0.log
-srvPort
64222
Successfully changed project path to: C:/Users/Mati/My project (1)
C:/Users/Mati/My project (1)
[UnityMemory] Configuration Parameters - Can be set up in boot.config
    "memorysetup-bucket-allocator-granularity=16"
    "memorysetup-bucket-allocator-bucket-count=8"
    "memorysetup-bucket-allocator-block-size=33554432"
    "memorysetup-bucket-allocator-block-count=8"
    "memorysetup-main-allocator-block-size=16777216"
    "memorysetup-thread-allocator-block-size=16777216"
    "memorysetup-gfx-main-allocator-block-size=16777216"
    "memorysetup-gfx-thread-allocator-block-size=16777216"
    "memorysetup-cache-allocator-block-size=4194304"
    "memorysetup-typetree-allocator-block-size=2097152"
    "memorysetup-profiler-bucket-allocator-granularity=16"
    "memorysetup-profiler-bucket-allocator-bucket-count=8"
    "memorysetup-profiler-bucket-allocator-block-size=33554432"
    "memorysetup-profiler-bucket-allocator-block-count=8"
    "memorysetup-profiler-allocator-block-size=16777216"
    "memorysetup-profiler-editor-allocator-block-size=1048576"
    "memorysetup-temp-allocator-size-main=16777216"
    "memorysetup-job-temp-allocator-block-size=2097152"
    "memorysetup-job-temp-allocator-block-size-background=1048576"
    "memorysetup-job-temp-allocator-reduction-small-platforms=262144"
    "memorysetup-temp-allocator-size-background-worker=32768"
    "memorysetup-temp-allocator-size-job-worker=262144"
    "memorysetup-temp-allocator-size-preload-manager=33554432"
    "memorysetup-temp-allocator-size-nav-mesh-worker=65536"
    "memorysetup-temp-allocator-size-audio-worker=65536"
    "memorysetup-temp-allocator-size-cloud-worker=32768"
    "memorysetup-temp-allocator-size-gi-baking-worker=262144"
    "memorysetup-temp-allocator-size-gfx=262144"
Player connection [2820] Host "[IP] 192.168.1.47 [Port] 0 [Flags] 2 [Guid] 3140739410 [EditorId] 3140739410 [Version] 1048832 [Id] WindowsEditor(7,DESKTOP-FPE5K3F) [Debug] 1 [PackageName] WindowsEditor [ProjectName] Editor" joined multi-casting on [225.0.0.222:54997]...

Player connection [2820] Host "[IP] 192.168.1.47 [Port] 0 [Flags] 2 [Guid] 3140739410 [EditorId] 3140739410 [Version] 1048832 [Id] WindowsEditor(7,DESKTOP-FPE5K3F) [Debug] 1 [PackageName] WindowsEditor [ProjectName] Editor" joined alternative multi-casting on [225.0.0.222:34997]...

Refreshing native plugins compatible for Editor in 67.81 ms, found 4 plugins.
Preloading 0 native plugins for Editor in 0.00 ms.
Initialize engine version: 2021.3.25f1 (68ef2c4f8861)
[Subsystems] Discovering subsystems at path E:/Games/Unity Hub/2021.3.25f1/Editor/Data/Resources/UnitySubsystems
[Subsystems] Discovering subsystems at path C:/Users/Mati/My project (1)/Assets
GfxDevice: creating device client; threaded=0; jobified=0
Direct3D:
    Version:  Direct3D 11.0 [level 11.1]
    Renderer: NVIDIA GeForce GTX 1650 SUPER (ID=0x2187)
    Vendor:   NVIDIA
    VRAM:     3955 MB
    Driver:   31.0.15.1694
Initialize mono
Mono path[0] = 'E:/Games/Unity Hub/2021.3.25f1/Editor/Data/Managed'
Mono path[1] = 'E:/Games/Unity Hub/2021.3.25f1/Editor/Data/MonoBleedingEdge/lib/mono/unityjit-win32'
Mono config path = 'E:/Games/Unity Hub/2021.3.25f1/Editor/Data/MonoBleedingEdge/etc'
Using monoOptions --debugger-agent=transport=dt_socket,embedding=1,server=y,suspend=n,address=127.0.0.1:56940
Begin MonoManager ReloadAssembly
Registering precompiled unity dll's ...
Register platform support module: E:/Games/Unity Hub/2021.3.25f1/Editor/Data/PlaybackEngines/WebGLSupport/UnityEditor.WebGL.Extensions.dll
Register platform support module: E:/Games/Unity Hub/2021.3.25f1/Editor/Data/PlaybackEngines/WindowsStandaloneSupport/UnityEditor.WindowsStandalone.Extensions.dll
Registered in 0.002025 seconds.
Native extension for WindowsStandalone target not found
Native extension for WebGL target not found
Refreshing native plugins compatible for Editor in 69.81 ms, found 4 plugins.
Preloading 0 native plugins for Editor in 0.00 ms.
Mono: successfully reloaded assembly
- Completed reload, in  0.467 seconds
Domain Reload Profiling:
	ReloadAssembly (469ms)
		BeginReloadAssembly (64ms)
			ExecutionOrderSort (0ms)
			DisableScriptedObjects (0ms)
			BackupInstance (0ms)
			ReleaseScriptingObjects (0ms)
			CreateAndSetChildDomain (1ms)
		EndReloadAssembly (335ms)
			LoadAssemblies (63ms)
			RebuildTransferFunctionScriptingTraits (0ms)
			SetupTypeCache (81ms)
			ReleaseScriptCaches (0ms)
			RebuildScriptCaches (19ms)
			SetupLoadedEditorAssemblies (199ms)
				LogAssemblyErrors (0ms)
				InitializePlatformSupportModulesInManaged (6ms)
				SetLoadedEditorAssemblies (0ms)
				RefreshPlugins (70ms)
				BeforeProcessingInitializeOnLoad (1ms)
				ProcessInitializeOnLoadAttributes (87ms)
				ProcessInitializeOnLoadMethodAttributes (35ms)
				AfterProcessingInitializeOnLoad (0ms)
				EditorAssembliesLoaded (0ms)
			ExecutionOrderSort2 (0ms)
			AwakeInstancesAfterBackupRestoration (0ms)
Platform modules already initialized, skipping
Registering precompiled user dll's ...
Registered in 0.004586 seconds.
Begin MonoManager ReloadAssembly
Symbol file LoadedFromMemory doesn't match image C:\Users\Mati\My project (1)\Library\PackageCache\com.unity.visualscripting@1.8.0\Editor\VisualScripting.Core\Dependencies\YamlDotNet\Unity.VisualScripting.YamlDotNet.dll
Symbol file LoadedFromMemory doesn't match image C:\Users\Mati\My project (1)\Library\PackageCache\com.unity.visualscripting@1.8.0\Editor\VisualScripting.Core\Dependencies\DotNetZip\Unity.VisualScripting.IonicZip.dll
Native extension for WindowsStandalone target not found
Native extension for WebGL target not found
Refreshing native plugins compatible for Editor in 65.66 ms, found 4 plugins.
Preloading 0 native plugins for Editor in 0.00 ms.
Mono: successfully reloaded assembly
- Completed reload, in  0.874 seconds
Domain Reload Profiling:
	ReloadAssembly (875ms)
		BeginReloadAssembly (96ms)
			ExecutionOrderSort (0ms)
			DisableScriptedObjects (4ms)
			BackupInstance (0ms)
			ReleaseScriptingObjects (0ms)
			CreateAndSetChildDomain (16ms)
		EndReloadAssembly (702ms)
			LoadAssemblies (83ms)
			RebuildTransferFunctionScriptingTraits (0ms)
			SetupTypeCache (185ms)
			ReleaseScriptCaches (1ms)
			RebuildScriptCaches (50ms)
			SetupLoadedEditorAssemblies (362ms)
				LogAssemblyErrors (0ms)
				InitializePlatformSupportModulesInManaged (3ms)
				SetLoadedEditorAssemblies (0ms)
				RefreshPlugins (66ms)
				BeforeProcessingInitializeOnLoad (63ms)
				ProcessInitializeOnLoadAttributes (200ms)
				ProcessInitializeOnLoadMethodAttributes (27ms)
				AfterProcessingInitializeOnLoad (2ms)
				EditorAssembliesLoaded (0ms)
			ExecutionOrderSort2 (0ms)
			AwakeInstancesAfterBackupRestoration (5ms)
Platform modules already initialized, skipping
========================================================================
Worker process is ready to serve import requests
Launched and connected shader compiler UnityShaderCompiler.exe after 0.06 seconds
Refreshing native plugins compatible for Editor in 1.17 ms, found 4 plugins.
Preloading 0 native plugins for Editor in 0.00 ms.
Unloading 4078 Unused Serialized files (Serialized files now loaded: 0)
Unloading 44 unused Assets / (229.0 KB). Loaded Objects now: 4532.
Memory consumption went from 156.1 MB to 155.9 MB.
Total: 2.764700 ms (FindLiveObjects: 0.272100 ms CreateObjectMapping: 0.112400 ms MarkObjects: 2.240600 ms  DeleteObjects: 0.138400 ms)

AssetImportParameters requested are different than current active one (requested -> active):
  custom:video-decoder-ogg-theora: a1e56fd34408186e4bbccfd4996cb3dc -> 
  custom:container-muxer-webm: aa71ff27fc2769a1b78a27578f13a17b -> 
  custom:container-demuxer-webm: 4f35f7cbe854078d1ac9338744f61a02 -> 
  custom:video-encoder-webm-vp8: eb34c28f22e8b96e1ab97ce403110664 -> 
  custom:audio-encoder-webm-vorbis: bf7c407c2cedff20999df2af8eb42d56 -> 
  custom:framework-win-MediaFoundation: 216162199b28c13a410421893ffa2e32 -> 
  custom:container-demuxer-ogg: 62fdf1f143b41e24485cea50d1cbac27 -> 
  custom:video-decoder-webm-vp8: 9c59270c3fd7afecdb556c50c9e8de78 -> 
  custom:audio-decoder-ogg-vorbis: bf7c407c2cedff20999df2af8eb42d56 -> 
========================================================================
Received Import Request.
  Time since last request: 335431.481073 seconds.
  path: Assets/Art/Texture/Grass.prefab
  artifactKey: Guid(d51e59ba5cc2c8f4e9ac12dab9d50faa) Importer(815301076,1909f56bfc062723c751e8b465ee728b)
Start importing Assets/Art/Texture/Grass.prefab using Guid(d51e59ba5cc2c8f4e9ac12dab9d50faa) Importer(815301076,1909f56bfc062723c751e8b465ee728b)  -> (artifact id: '45d79ccc23a3fa8c1cfc68fa398741f8') in 0.198417 seconds 
========================================================================
Received Prepare
Registering precompiled user dll's ...
Registered in 0.004488 seconds.
Begin MonoManager ReloadAssembly
Symbol file LoadedFromMemory doesn't match image C:\Users\Mati\My project (1)\Library\PackageCache\com.unity.visualscripting@1.8.0\Editor\VisualScripting.Core\Dependencies\YamlDotNet\Unity.VisualScripting.YamlDotNet.dll
Symbol file LoadedFromMemory doesn't match image C:\Users\Mati\My project (1)\Library\PackageCache\com.unity.visualscripting@1.8.0\Editor\VisualScripting.Core\Dependencies\DotNetZip\Unity.VisualScripting.IonicZip.dll
Native extension for WindowsStandalone target not found
Native extension for WebGL target not found
Refreshing native plugins compatible for Editor in 1.09 ms, found 4 plugins.
Preloading 0 native plugins for Editor in 0.00 ms.
Mono: successfully reloaded assembly
- Completed reload, in  0.885 seconds
Domain Reload Profiling:
	ReloadAssembly (886ms)
		BeginReloadAssembly (123ms)
			ExecutionOrderSort (0ms)
			DisableScriptedObjects (5ms)
			BackupInstance (0ms)
			ReleaseScriptingObjects (0ms)
			CreateAndSetChildDomain (35ms)
		EndReloadAssembly (696ms)
			LoadAssemblies (94ms)
			RebuildTransferFunctionScriptingTraits (0ms)
			SetupTypeCache (201ms)
			ReleaseScriptCaches (1ms)
			RebuildScriptCaches (43ms)
			SetupLoadedEditorAssemblies (317ms)
				LogAssemblyErrors (0ms)
				InitializePlatformSupportModulesInManaged (6ms)
				SetLoadedEditorAssemblies (0ms)
				RefreshPlugins (1ms)
				BeforeProcessingInitializeOnLoad (56ms)
				ProcessInitializeOnLoadAttributes (216ms)
				ProcessInitializeOnLoadMethodAttributes (34ms)
				AfterProcessingInitializeOnLoad (3ms)
				EditorAssembliesLoaded (0ms)
			ExecutionOrderSort2 (0ms)
			AwakeInstancesAfterBackupRestoration (9ms)
Platform modules already initialized, skipping
Refreshing native plugins compatible for Editor in 2.03 ms, found 4 plugins.
Preloading 0 native plugins for Editor in 0.00 ms.
Unloading 4073 Unused Serialized files (Serialized files now loaded: 0)
Unloading 29 unused Assets / (195.5 KB). Loaded Objects now: 4543.
Memory consumption went from 160.2 MB to 160.0 MB.
Total: 3.310600 ms (FindLiveObjects: 0.475800 ms CreateObjectMapping: 0.176300 ms MarkObjects: 2.504100 ms  DeleteObjects: 0.152100 ms)

AssetImportParameters requested are different than current active one (requested -> active):
  custom:video-decoder-ogg-theora: a1e56fd34408186e4bbccfd4996cb3dc -> 
  custom:container-muxer-webm: aa71ff27fc2769a1b78a27578f13a17b -> 
  custom:container-demuxer-webm: 4f35f7cbe854078d1ac9338744f61a02 -> 
  custom:video-encoder-webm-vp8: eb34c28f22e8b96e1ab97ce403110664 -> 
  custom:audio-encoder-webm-vorbis: bf7c407c2cedff20999df2af8eb42d56 -> 
  custom:framework-win-MediaFoundation: 216162199b28c13a410421893ffa2e32 -> 
  custom:container-demuxer-ogg: 62fdf1f143b41e24485cea50d1cbac27 -> 
  custom:video-decoder-webm-vp8: 9c59270c3fd7afecdb556c50c9e8de78 -> 
  custom:audio-decoder-ogg-vorbis: bf7c407c2cedff20999df2af8eb42d56 -> 
========================================================================
Received Import Request.
  Time since last request: 174.149856 seconds.
  path: Assets/Art/Texture/TX Plant.png
  artifactKey: Guid(5d7eb1fa315a09c41a157b197d6d39a9) Importer(815301076,1909f56bfc062723c751e8b465ee728b)
Start importing Assets/Art/Texture/TX Plant.png using Guid(5d7eb1fa315a09c41a157b197d6d39a9) Importer(815301076,1909f56bfc062723c751e8b465ee728b)  -> (artifact id: 'b9bfeabe670144235e69d13834c651b5') in 0.123056 seconds 
========================================================================
Received Prepare
Registering precompiled user dll's ...
Registered in 0.005508 seconds.
Begin MonoManager ReloadAssembly
Symbol file LoadedFromMemory doesn't match image C:\Users\Mati\My project (1)\Library\PackageCache\com.unity.visualscripting@1.8.0\Editor\VisualScripting.Core\Dependencies\YamlDotNet\Unity.VisualScripting.YamlDotNet.dll
Symbol file LoadedFromMemory doesn't match image C:\Users\Mati\My project (1)\Library\PackageCache\com.unity.visualscripting@1.8.0\Editor\VisualScripting.Core\Dependencies\DotNetZip\Unity.VisualScripting.IonicZip.dll
Native extension for WindowsStandalone target not found
Native extension for WebGL target not found
Refreshing native plugins compatible for Editor in 0.92 ms, found 4 plugins.
Preloading 0 native plugins for Editor in 0.00 ms.
Mono: successfully reloaded assembly
- Completed reload, in  0.878 seconds
Domain Reload Profiling:
	ReloadAssembly (879ms)
		BeginReloadAssembly (116ms)
			ExecutionOrderSort (0ms)
			DisableScriptedObjects (5ms)
			BackupInstance (0ms)
			ReleaseScriptingObjects (0ms)
			CreateAndSetChildDomain (32ms)
		EndReloadAssembly (697ms)
			LoadAssemblies (78ms)
			RebuildTransferFunctionScriptingTraits (0ms)
			SetupTypeCache (197ms)
			ReleaseScriptCaches (1ms)
			RebuildScriptCaches (45ms)
			SetupLoadedEditorAssemblies (331ms)
				LogAssemblyErrors (0ms)
				InitializePlatformSupportModulesInManaged (5ms)
				SetLoadedEditorAssemblies (0ms)
				RefreshPlugins (1ms)
				BeforeProcessingInitializeOnLoad (54ms)
				ProcessInitializeOnLoadAttributes (232ms)
				ProcessInitializeOnLoadMethodAttributes (36ms)
				AfterProcessingInitializeOnLoad (2ms)
				EditorAssembliesLoaded (0ms)
			ExecutionOrderSort2 (0ms)
			AwakeInstancesAfterBackupRestoration (8ms)
Platform modules already initialized, skipping
Refreshing native plugins compatible for Editor in 2.98 ms, found 4 plugins.
Preloading 0 native plugins for Editor in 0.00 ms.
Unloading 4073 Unused Serialized files (Serialized files now loaded: 0)
Unloading 29 unused Assets / (195.4 KB). Loaded Objects now: 4593.
Memory consumption went from 160.3 MB to 160.1 MB.
Total: 3.633100 ms (FindLiveObjects: 0.394200 ms CreateObjectMapping: 0.154600 ms MarkObjects: 2.852400 ms  DeleteObjects: 0.231100 ms)

AssetImportParameters requested are different than current active one (requested -> active):
  custom:video-decoder-ogg-theora: a1e56fd34408186e4bbccfd4996cb3dc -> 
  custom:container-muxer-webm: aa71ff27fc2769a1b78a27578f13a17b -> 
  custom:container-demuxer-webm: 4f35f7cbe854078d1ac9338744f61a02 -> 
  custom:video-encoder-webm-vp8: eb34c28f22e8b96e1ab97ce403110664 -> 
  custom:audio-encoder-webm-vorbis: bf7c407c2cedff20999df2af8eb42d56 -> 
  custom:framework-win-MediaFoundation: 216162199b28c13a410421893ffa2e32 -> 
  custom:container-demuxer-ogg: 62fdf1f143b41e24485cea50d1cbac27 -> 
  custom:video-decoder-webm-vp8: 9c59270c3fd7afecdb556c50c9e8de78 -> 
  custom:audio-decoder-ogg-vorbis: bf7c407c2cedff20999df2af8eb42d56 -> 
========================================================================
Received Import Request.
  Time since last request: 8.546513 seconds.
  path: Assets/Art/Texture/TX Plant.png
  artifactKey: Guid(5d7eb1fa315a09c41a157b197d6d39a9) Importer(815301076,1909f56bfc062723c751e8b465ee728b)
Start importing Assets/Art/Texture/TX Plant.png using Guid(5d7eb1fa315a09c41a157b197d6d39a9) Importer(815301076,1909f56bfc062723c751e8b465ee728b)  -> (artifact id: '9e4ab26ae797aa614331619e9edd0993') in 0.109371 seconds 
========================================================================
Received Import Request.
  Time since last request: 27.916827 seconds.
  path: Assets/Art/Texture/TX Plant.png
  artifactKey: Guid(5d7eb1fa315a09c41a157b197d6d39a9) Importer(815301076,1909f56bfc062723c751e8b465ee728b)
Start importing Assets/Art/Texture/TX Plant.png using Guid(5d7eb1fa315a09c41a157b197d6d39a9) Importer(815301076,1909f56bfc062723c751e8b465ee728b)  -> (artifact id: 'bfbdd33aa2c755ceb9ec18c61a4e86d2') in 0.123976 seconds 
========================================================================
Received Prepare
Registering precompiled user dll's ...
Registered in 0.005465 seconds.
Begin MonoManager ReloadAssembly
Symbol file LoadedFromMemory doesn't match image C:\Users\Mati\My project (1)\Library\PackageCache\com.unity.visualscripting@1.8.0\Editor\VisualScripting.Core\Dependencies\YamlDotNet\Unity.VisualScripting.YamlDotNet.dll
Symbol file LoadedFromMemory doesn't match image C:\Users\Mati\My project (1)\Library\PackageCache\com.unity.visualscripting@1.8.0\Editor\VisualScripting.Core\Dependencies\DotNetZip\Unity.VisualScripting.IonicZip.dll
Native extension for WindowsStandalone target not found
Native extension for WebGL target not found
Refreshing native plugins compatible for Editor in 0.59 ms, found 4 plugins.
Preloading 0 native plugins for Editor in 0.00 ms.
Mono: successfully reloaded assembly
- Completed reload, in  0.849 seconds
Domain Reload Profiling:
	ReloadAssembly (850ms)
		BeginReloadAssembly (112ms)
			ExecutionOrderSort (0ms)
			DisableScriptedObjects (5ms)
			BackupInstance (0ms)
			ReleaseScriptingObjects (0ms)
			CreateAndSetChildDomain (32ms)
		EndReloadAssembly (673ms)
			LoadAssemblies (76ms)
			RebuildTransferFunctionScriptingTraits (0ms)
			SetupTypeCache (198ms)
			ReleaseScriptCaches (2ms)
			RebuildScriptCaches (41ms)
			SetupLoadedEditorAssemblies (306ms)
				LogAssemblyErrors (0ms)
				InitializePlatformSupportModulesInManaged (5ms)
				SetLoadedEditorAssemblies (0ms)
				RefreshPlugins (1ms)
				BeforeProcessingInitializeOnLoad (51ms)
				ProcessInitializeOnLoadAttributes (214ms)
				ProcessInitializeOnLoadMethodAttributes (33ms)
				AfterProcessingInitializeOnLoad (3ms)
				EditorAssembliesLoaded (0ms)
			ExecutionOrderSort2 (0ms)
			AwakeInstancesAfterBackupRestoration (9ms)
Platform modules already initialized, skipping
Refreshing native plugins compatible for Editor in 2.30 ms, found 4 plugins.
Preloading 0 native plugins for Editor in 0.00 ms.
Unloading 4073 Unused Serialized files (Serialized files now loaded: 0)
Unloading 29 unused Assets / (195.5 KB). Loaded Objects now: 4596.
Memory consumption went from 160.3 MB to 160.1 MB.
Total: 4.584900 ms (FindLiveObjects: 0.389200 ms CreateObjectMapping: 0.160400 ms MarkObjects: 3.579400 ms  DeleteObjects: 0.452700 ms)

AssetImportParameters requested are different than current active one (requested -> active):
  custom:video-decoder-ogg-theora: a1e56fd34408186e4bbccfd4996cb3dc -> 
  custom:container-muxer-webm: aa71ff27fc2769a1b78a27578f13a17b -> 
  custom:container-demuxer-webm: 4f35f7cbe854078d1ac9338744f61a02 -> 
  custom:video-encoder-webm-vp8: eb34c28f22e8b96e1ab97ce403110664 -> 
  custom:audio-encoder-webm-vorbis: bf7c407c2cedff20999df2af8eb42d56 -> 
  custom:framework-win-MediaFoundation: 216162199b28c13a410421893ffa2e32 -> 
  custom:container-demuxer-ogg: 62fdf1f143b41e24485cea50d1cbac27 -> 
  custom:video-decoder-webm-vp8: 9c59270c3fd7afecdb556c50c9e8de78 -> 
  custom:audio-decoder-ogg-vorbis: bf7c407c2cedff20999df2af8eb42d56 -> 
========================================================================
Received Import Request.
  Time since last request: 787.990103 seconds.
  path: Assets/Characters/Player/Player.prefab
  artifactKey: Guid(1bcef21aa0f9d4d4f9014344d1fdfdf6) Importer(815301076,1909f56bfc062723c751e8b465ee728b)
Start importing Assets/Characters/Player/Player.prefab using Guid(1bcef21aa0f9d4d4f9014344d1fdfdf6) Importer(815301076,1909f56bfc062723c751e8b465ee728b)  -> (artifact id: 'e5597d439ca8f0dd4645938a9ac87355') in 0.060409 seconds 
========================================================================
Received Import Request.
  Time since last request: 553.329711 seconds.
  path: Assets/Art/Texture/Tiles/TX Plant_0.asset
  artifactKey: Guid(2454fc5fa23bd80489c52139890bcfa6) Importer(815301076,1909f56bfc062723c751e8b465ee728b)
Start importing Assets/Art/Texture/Tiles/TX Plant_0.asset using Guid(2454fc5fa23bd80489c52139890bcfa6) Importer(815301076,1909f56bfc062723c751e8b465ee728b)  -> (artifact id: '0a4364df87999a0f64e23c738702adf6') in 0.039449 seconds 
========================================================================
Received Import Request.
  Time since last request: 0.000030 seconds.
  path: Assets/Art/Texture/Tiles/TX Props_45.asset
  artifactKey: Guid(3911ae3aacd77324d8c5444a0a7dc20b) Importer(815301076,1909f56bfc062723c751e8b465ee728b)
Start importing Assets/Art/Texture/Tiles/TX Props_45.asset using Guid(3911ae3aacd77324d8c5444a0a7dc20b) Importer(815301076,1909f56bfc062723c751e8b465ee728b)  -> (artifact id: '9863d073334406ce09a3048e93c0492e') in 0.020624 seconds 
========================================================================
Received Import Request.
  Time since last request: 0.000031 seconds.
  path: Assets/Art/Texture/Tiles/TX Plant_21.asset
  artifactKey: Guid(4b5f19468f799dd4186e18894a059e37) Importer(815301076,1909f56bfc062723c751e8b465ee728b)
Start importing Assets/Art/Texture/Tiles/TX Plant_21.asset using Guid(4b5f19468f799dd4186e18894a059e37) Importer(815301076,1909f56bfc062723c751e8b465ee728b)  -> (artifact id: 'a90fc94754071e44596e6736d2db0e03') in 0.014221 seconds 
========================================================================
Received Import Request.
  Time since last request: 0.000031 seconds.
  path: Assets/Art/Texture/Tiles/TX Props_46.asset
  artifactKey: Guid(5460766c1ce287846a930daa515b57a8) Importer(815301076,1909f56bfc062723c751e8b465ee728b)
Start importing Assets/Art/Texture/Tiles/TX Props_46.asset using Guid(5460766c1ce287846a930daa515b57a8) Importer(815301076,1909f56bfc062723c751e8b465ee728b)  -> (artifact id: '12a7345705e41996fdcd54dc8eeac363') in 0.012708 seconds 
========================================================================
Received Import Request.
  Time since last request: 0.000023 seconds.
  path: Assets/Art/Texture/Tiles/TX Plant_8.asset
  artifactKey: Guid(fe5e1b7197bfdf24db6c29995375cdf0) Importer(815301076,1909f56bfc062723c751e8b465ee728b)
Start importing Assets/Art/Texture/Tiles/TX Plant_8.asset using Guid(fe5e1b7197bfdf24db6c29995375cdf0) Importer(815301076,1909f56bfc062723c751e8b465ee728b)  -> (artifact id: '221f78122f102ba6c382c22efb05ec31') in 0.010653 seconds 
========================================================================
Received Import Request.
  Time since last request: 0.000018 seconds.
  path: Assets/Art/Texture/Tiles/TX Props_31.asset
  artifactKey: Guid(a9ba3a3834ed76d4c9151b34558d314c) Importer(815301076,1909f56bfc062723c751e8b465ee728b)
Start importing Assets/Art/Texture/Tiles/TX Props_31.asset using Guid(a9ba3a3834ed76d4c9151b34558d314c) Importer(815301076,1909f56bfc062723c751e8b465ee728b)  -> (artifact id: '48fe701a247ff0a234f17126f18174a1') in 0.011917 seconds 
========================================================================
Received Import Request.
  Time since last request: 0.000015 seconds.
  path: Assets/Art/Texture/Tiles/TX Props_48.asset
  artifactKey: Guid(4148aa1848224894c965df8dd2c6c5ea) Importer(815301076,1909f56bfc062723c751e8b465ee728b)
Start importing Assets/Art/Texture/Tiles/TX Props_48.asset using Guid(4148aa1848224894c965df8dd2c6c5ea) Importer(815301076,1909f56bfc062723c751e8b465ee728b)  -> (artifact id: '8a71b9dfd33f8ab9728564e3bdfa8741') in 0.012291 seconds 
========================================================================
Received Import Request.
  Time since last request: 0.000042 seconds.
  path: Assets/Art/Texture/Tiles/TX Plant_13.asset
  artifactKey: Guid(7c9b1f30542bde34196a62694787f6d6) Importer(815301076,1909f56bfc062723c751e8b465ee728b)
Start importing Assets/Art/Texture/Tiles/TX Plant_13.asset using Guid(7c9b1f30542bde34196a62694787f6d6) Importer(815301076,1909f56bfc062723c751e8b465ee728b)  -> (artifact id: 'd86c296a2cfd836d046f3745a6a6444f') in 0.014196 seconds 
========================================================================
Received Import Request.
  Time since last request: 0.000040 seconds.
  path: Assets/Art/Texture/Tiles/TX Plant_12.asset
  artifactKey: Guid(285c1d792cdab014894214c6d830ffd5) Importer(815301076,1909f56bfc062723c751e8b465ee728b)
Start importing Assets/Art/Texture/Tiles/TX Plant_12.asset using Guid(285c1d792cdab014894214c6d830ffd5) Importer(815301076,1909f56bfc062723c751e8b465ee728b)  -> (artifact id: 'a383a9c166627c13c7af1c2378c52abd') in 0.013688 seconds 
========================================================================
Received Import Request.
  Time since last request: 0.000029 seconds.
  path: Assets/Art/Texture/Tiles/TX Props_14.asset
  artifactKey: Guid(643b9c3100cd09a4289db4ddbefbce4d) Importer(815301076,1909f56bfc062723c751e8b465ee728b)
Start importing Assets/Art/Texture/Tiles/TX Props_14.asset using Guid(643b9c3100cd09a4289db4ddbefbce4d) Importer(815301076,1909f56bfc062723c751e8b465ee728b)  -> (artifact id: '93c85f566f9f82567a7695b6b7225b9a') in 0.015790 seconds 
========================================================================
Received Import Request.
  Time since last request: 0.000073 seconds.
  path: Assets/Art/Texture/Tiles/TX Plant_6.asset
  artifactKey: Guid(54070c517bfc8df4090ce93aa0a8c3a4) Importer(815301076,1909f56bfc062723c751e8b465ee728b)
Start importing Assets/Art/Texture/Tiles/TX Plant_6.asset using Guid(54070c517bfc8df4090ce93aa0a8c3a4) Importer(815301076,1909f56bfc062723c751e8b465ee728b)  -> (artifact id: '3ec709789026749d9d27a182fdc61e9d') in 0.011559 seconds 
========================================================================
Received Import Request.
  Time since last request: 0.000032 seconds.
  path: Assets/Art/Texture/Tiles/TX Props_8.asset
  artifactKey: Guid(3a50ea08968701c4097e3c0d366890be) Importer(815301076,1909f56bfc062723c751e8b465ee728b)
Start importing Assets/Art/Texture/Tiles/TX Props_8.asset using Guid(3a50ea08968701c4097e3c0d366890be) Importer(815301076,1909f56bfc062723c751e8b465ee728b)  -> (artifact id: '610200a67071440072610e5073b812db') in 0.013653 seconds 
========================================================================
Received Import Request.
  Time since last request: 0.000030 seconds.
  path: Assets/Art/Texture/Tiles/TX Plant_19.asset
  artifactKey: Guid(18963c08bd4eb8f45b69677adbbfa825) Importer(815301076,1909f56bfc062723c751e8b465ee728b)
Start importing Assets/Art/Texture/Tiles/TX Plant_19.asset using Guid(18963c08bd4eb8f45b69677adbbfa825) Importer(815301076,1909f56bfc062723c751e8b465ee728b)  -> (artifact id: 'b5552ac759531f0c2b23f7505dca125a') in 0.015023 seconds 
========================================================================
Received Import Request.
  Time since last request: 0.000028 seconds.
  path: Assets/Art/Texture/Tiles/TX Props_7.asset
  artifactKey: Guid(8992a80ce641b724a88587613e141362) Importer(815301076,1909f56bfc062723c751e8b465ee728b)
Start importing Assets/Art/Texture/Tiles/TX Props_7.asset using Guid(8992a80ce641b724a88587613e141362) Importer(815301076,1909f56bfc062723c751e8b465ee728b)  -> (artifact id: 'b660870a97b72822961457fb4a093fff') in 0.011451 seconds 
========================================================================
Received Import Request.
  Time since last request: 0.000036 seconds.
  path: Assets/Art/Texture/Tiles/TX Plant_7.asset
  artifactKey: Guid(c953786525f8ecc448d6836e36d19167) Importer(815301076,1909f56bfc062723c751e8b465ee728b)
Start importing Assets/Art/Texture/Tiles/TX Plant_7.asset using Guid(c953786525f8ecc448d6836e36d19167) Importer(815301076,1909f56bfc062723c751e8b465ee728b)  -> (artifact id: '700d86c152ed7df977fb69158abece20') in 0.023157 seconds 
========================================================================
Received Import Request.
  Time since last request: 0.000045 seconds.
  path: Assets/Art/Texture/Tiles/TX Props_23.asset
  artifactKey: Guid(5ecbb758e0ecf1f48ad86604a5ded67e) Importer(815301076,1909f56bfc062723c751e8b465ee728b)
Start importing Assets/Art/Texture/Tiles/TX Props_23.asset using Guid(5ecbb758e0ecf1f48ad86604a5ded67e) Importer(815301076,1909f56bfc062723c751e8b465ee728b)  -> (artifact id: '8bf37720252f6fa3ba9390c1f15a7714') in 0.014452 seconds 
========================================================================
Received Import Request.
  Time since last request: 0.000048 seconds.
  path: Assets/Art/Texture/Tiles/TX Plant_3.asset
  artifactKey: Guid(478b0e9fcb1b1b34ba51aec5eabf8980) Importer(815301076,1909f56bfc062723c751e8b465ee728b)
Start importing Assets/Art/Texture/Tiles/TX Plant_3.asset using Guid(478b0e9fcb1b1b34ba51aec5eabf8980) Importer(815301076,1909f56bfc062723c751e8b465ee728b)  -> (artifact id: 'bdda6820857f3d8ace2b19081c9cf83b') in 0.013478 seconds 
========================================================================
Received Import Request.
  Time since last request: 0.000055 seconds.
  path: Assets/Art/Texture/Tiles/TX Props_17.asset
  artifactKey: Guid(414855004ddfbec409f16b65f9e92ba6) Importer(815301076,1909f56bfc062723c751e8b465ee728b)
Start importing Assets/Art/Texture/Tiles/TX Props_17.asset using Guid(414855004ddfbec409f16b65f9e92ba6) Importer(815301076,1909f56bfc062723c751e8b465ee728b)  -> (artifact id: '1ec1f39e436737066cc084a7a383c331') in 0.015753 seconds 
========================================================================
Received Import Request.
  Time since last request: 0.000044 seconds.
  path: Assets/Art/Texture/Tiles/TX Props_43.asset
  artifactKey: Guid(e6183f130d389d74e8346aaf2330e2e3) Importer(815301076,1909f56bfc062723c751e8b465ee728b)
Start importing Assets/Art/Texture/Tiles/TX Props_43.asset using Guid(e6183f130d389d74e8346aaf2330e2e3) Importer(815301076,1909f56bfc062723c751e8b465ee728b)  -> (artifact id: '7a1e81a3552341d0d900ea7855dd694b') in 0.013843 seconds 
========================================================================
Received Import Request.
  Time since last request: 0.000042 seconds.
  path: Assets/Art/Texture/Tiles/TX Props_36.asset
  artifactKey: Guid(6b174bfe06477ea40b6c9f6b77ac1d1d) Importer(815301076,1909f56bfc062723c751e8b465ee728b)
Start importing Assets/Art/Texture/Tiles/TX Props_36.asset using Guid(6b174bfe06477ea40b6c9f6b77ac1d1d) Importer(815301076,1909f56bfc062723c751e8b465ee728b)  -> (artifact id: '3d993cb196664eadb19bfb93dd5d7a64') in 0.013826 seconds 
========================================================================
Received Import Request.
  Time since last request: 0.000020 seconds.
  path: Assets/Art/Texture/Tiles/TX Props_44.asset
  artifactKey: Guid(3b77a9f01f6f18748908897b88870061) Importer(815301076,1909f56bfc062723c751e8b465ee728b)
Start importing Assets/Art/Texture/Tiles/TX Props_44.asset using Guid(3b77a9f01f6f18748908897b88870061) Importer(815301076,1909f56bfc062723c751e8b465ee728b)  -> (artifact id: '22b5ec51ced1951cf7f432d94cfa52f5') in 0.013401 seconds 
========================================================================
Received Import Request.
  Time since last request: 0.000031 seconds.
  path: Assets/Art/Texture/Tiles/TX Props_50.asset
  artifactKey: Guid(d997910ab5b9fbb4980a9933cc3bb3bb) Importer(815301076,1909f56bfc062723c751e8b465ee728b)
Start importing Assets/Art/Texture/Tiles/TX Props_50.asset using Guid(d997910ab5b9fbb4980a9933cc3bb3bb) Importer(815301076,1909f56bfc062723c751e8b465ee728b)  -> (artifact id: '3a076bf51ece3eac36bd1d6957c3f134') in 0.015852 seconds 
========================================================================
Received Import Request.
  Time since last request: 0.000022 seconds.
  path: Assets/Art/Texture/Tiles/TX Props_51.asset
  artifactKey: Guid(0863b87896833f047a1ed5d5fe95252c) Importer(815301076,1909f56bfc062723c751e8b465ee728b)
Start importing Assets/Art/Texture/Tiles/TX Props_51.asset using Guid(0863b87896833f047a1ed5d5fe95252c) Importer(815301076,1909f56bfc062723c751e8b465ee728b)  -> (artifact id: 'df9e4a1ed7ebd6ed122da37c2d3fd4be') in 0.012295 seconds 
========================================================================
Received Import Request.
  Time since last request: 0.000020 seconds.
  path: Assets/Art/Texture/Tiles/TX Props_5.asset
  artifactKey: Guid(44ff327d21a2d8549bc92159f51ec270) Importer(815301076,1909f56bfc062723c751e8b465ee728b)
Start importing Assets/Art/Texture/Tiles/TX Props_5.asset using Guid(44ff327d21a2d8549bc92159f51ec270) Importer(815301076,1909f56bfc062723c751e8b465ee728b)  -> (artifact id: '2d4f126bda8474191801bf852943e13f') in 0.011788 seconds 
========================================================================
Received Import Request.
  Time since last request: 0.000038 seconds.
  path: Assets/Art/Texture/Tiles/TX Plant_4.asset
  artifactKey: Guid(fb5fcce4abc83d44391cf513672716e6) Importer(815301076,1909f56bfc062723c751e8b465ee728b)
Start importing Assets/Art/Texture/Tiles/TX Plant_4.asset using Guid(fb5fcce4abc83d44391cf513672716e6) Importer(815301076,1909f56bfc062723c751e8b465ee728b)  -> (artifact id: '3a6fa2a62323e4159a0d39b3929df597') in 0.012745 seconds 
========================================================================
Received Import Request.
  Time since last request: 0.000034 seconds.
  path: Assets/Art/Texture/Tiles/TX Plant_14.asset
  artifactKey: Guid(3b1e42812cd3c3a49844842252240fd6) Importer(815301076,1909f56bfc062723c751e8b465ee728b)
Start importing Assets/Art/Texture/Tiles/TX Plant_14.asset using Guid(3b1e42812cd3c3a49844842252240fd6) Importer(815301076,1909f56bfc062723c751e8b465ee728b)  -> (artifact id: '1aac0c48fe2904ba5f9b1cec3cd4717d') in 0.013246 seconds 
========================================================================
Received Import Request.
  Time since last request: 0.000039 seconds.
  path: Assets/Art/Texture/Tiles/TX Plant_18.asset
  artifactKey: Guid(25b626f2be071924e8daa1596d2b9526) Importer(815301076,1909f56bfc062723c751e8b465ee728b)
Start importing Assets/Art/Texture/Tiles/TX Plant_18.asset using Guid(25b626f2be071924e8daa1596d2b9526) Importer(815301076,1909f56bfc062723c751e8b465ee728b)  -> (artifact id: '9411459d49170e9b099f19c452508239') in 0.015702 seconds 
========================================================================
Received Import Request.
  Time since last request: 0.000036 seconds.
  path: Assets/Art/Texture/Tiles/TX Props_37.asset
  artifactKey: Guid(cf5f3b6b59542e840961aa5fb5b63c1f) Importer(815301076,1909f56bfc062723c751e8b465ee728b)
Start importing Assets/Art/Texture/Tiles/TX Props_37.asset using Guid(cf5f3b6b59542e840961aa5fb5b63c1f) Importer(815301076,1909f56bfc062723c751e8b465ee728b)  -> (artifact id: 'e4bae149600e8fa9961787dd096cb4e8') in 0.014084 seconds 
========================================================================
Received Import Request.
  Time since last request: 0.000045 seconds.
  path: Assets/Art/Texture/Tiles/TX Props_24.asset
  artifactKey: Guid(d6166f8d32d4e2c49894c18fa4b11ab6) Importer(815301076,1909f56bfc062723c751e8b465ee728b)
Start importing Assets/Art/Texture/Tiles/TX Props_24.asset using Guid(d6166f8d32d4e2c49894c18fa4b11ab6) Importer(815301076,1909f56bfc062723c751e8b465ee728b)  -> (artifact id: '110a750722958d2b1412db94a08ff84c') in 0.021304 seconds 
========================================================================
Received Import Request.
  Time since last request: 0.000055 seconds.
  path: Assets/Art/Texture/Tiles/TX Props_42.asset
  artifactKey: Guid(3f8b7efa471b21b4bb8a20c71d395ccb) Importer(815301076,1909f56bfc062723c751e8b465ee728b)
Start importing Assets/Art/Texture/Tiles/TX Props_42.asset using Guid(3f8b7efa471b21b4bb8a20c71d395ccb) Importer(815301076,1909f56bfc062723c751e8b465ee728b)  -> (artifact id: 'e37d5ebf9e3ad1fe18aaea125916b3ac') in 0.015236 seconds 
========================================================================
Received Import Request.
  Time since last request: 0.000029 seconds.
  path: Assets/Art/Texture/Tiles/TX Props_26.asset
  artifactKey: Guid(01bf22ccb5efa9b4ea661b413e48a6ea) Importer(815301076,1909f56bfc062723c751e8b465ee728b)
Start importing Assets/Art/Texture/Tiles/TX Props_26.asset using Guid(01bf22ccb5efa9b4ea661b413e48a6ea) Importer(815301076,1909f56bfc062723c751e8b465ee728b)  -> (artifact id: '8bd78523cf9af11cccdc86d6bad806ed') in 0.015243 seconds 
========================================================================
Received Import Request.
  Time since last request: 0.000061 seconds.
  path: Assets/Art/Texture/Tiles/TX Props_22.asset
  artifactKey: Guid(57e1287cae49fbd4485bdbc18b2ab7aa) Importer(815301076,1909f56bfc062723c751e8b465ee728b)
Start importing Assets/Art/Texture/Tiles/TX Props_22.asset using Guid(57e1287cae49fbd4485bdbc18b2ab7aa) Importer(815301076,1909f56bfc062723c751e8b465ee728b)  -> (artifact id: '3b3f3baa10f074cd9fe17a253072ba29') in 0.013768 seconds 
========================================================================
Received Import Request.
  Time since last request: 0.000050 seconds.
  path: Assets/Art/Texture/Tiles/TX Props_38.asset
  artifactKey: Guid(5e74f599593b20645b09f3a5e37709c9) Importer(815301076,1909f56bfc062723c751e8b465ee728b)
Start importing Assets/Art/Texture/Tiles/TX Props_38.asset using Guid(5e74f599593b20645b09f3a5e37709c9) Importer(815301076,1909f56bfc062723c751e8b465ee728b)  -> (artifact id: 'fa086ad2c44c8fb844425c8dd7ea3b63') in 0.016173 seconds 
========================================================================
Received Import Request.
  Time since last request: 0.000050 seconds.
  path: Assets/Art/Texture/Tiles/TX Plant_9.asset
  artifactKey: Guid(abd4cf538535d8a49920e9f6d674e239) Importer(815301076,1909f56bfc062723c751e8b465ee728b)
Start importing Assets/Art/Texture/Tiles/TX Plant_9.asset using Guid(abd4cf538535d8a49920e9f6d674e239) Importer(815301076,1909f56bfc062723c751e8b465ee728b)  -> (artifact id: '904c5f8bc5a54362c7b32ea5a30ae1f1') in 0.014490 seconds 
========================================================================
Received Import Request.
  Time since last request: 0.000021 seconds.
  path: Assets/Art/Texture/Tiles/TX Props_25.asset
  artifactKey: Guid(9fa57840995ea7540bee734756ced30b) Importer(815301076,1909f56bfc062723c751e8b465ee728b)
Start importing Assets/Art/Texture/Tiles/TX Props_25.asset using Guid(9fa57840995ea7540bee734756ced30b) Importer(815301076,1909f56bfc062723c751e8b465ee728b)  -> (artifact id: '56772db86a102a5cfb8dbc1f2e3ff225') in 0.014818 seconds 
========================================================================
Received Import Request.
  Time since last request: 0.000038 seconds.
  path: Assets/Art/Texture/Tiles/TX Plant_20.asset
  artifactKey: Guid(71d0eb7993e595e4fabf914534485c82) Importer(815301076,1909f56bfc062723c751e8b465ee728b)
Start importing Assets/Art/Texture/Tiles/TX Plant_20.asset using Guid(71d0eb7993e595e4fabf914534485c82) Importer(815301076,1909f56bfc062723c751e8b465ee728b)  -> (artifact id: '0e9b4d023b2eda12fbfb432ac139714f') in 0.015249 seconds 
========================================================================
Received Prepare
Registering precompiled user dll's ...
Registered in 0.005547 seconds.
Begin MonoManager ReloadAssembly
Symbol file LoadedFromMemory doesn't match image C:\Users\Mati\My project (1)\Library\PackageCache\com.unity.visualscripting@1.8.0\Editor\VisualScripting.Core\Dependencies\YamlDotNet\Unity.VisualScripting.YamlDotNet.dll
Symbol file LoadedFromMemory doesn't match image C:\Users\Mati\My project (1)\Library\PackageCache\com.unity.visualscripting@1.8.0\Editor\VisualScripting.Core\Dependencies\DotNetZip\Unity.VisualScripting.IonicZip.dll
Native extension for WindowsStandalone target not found
Native extension for WebGL target not found
Refreshing native plugins compatible for Editor in 1.19 ms, found 4 plugins.
Preloading 0 native plugins for Editor in 0.00 ms.
Mono: successfully reloaded assembly
- Completed reload, in  0.965 seconds
Domain Reload Profiling:
	ReloadAssembly (966ms)
		BeginReloadAssembly (124ms)
			ExecutionOrderSort (0ms)
			DisableScriptedObjects (5ms)
			BackupInstance (0ms)
			ReleaseScriptingObjects (0ms)
			CreateAndSetChildDomain (37ms)
		EndReloadAssembly (772ms)
			LoadAssemblies (94ms)
			RebuildTransferFunctionScriptingTraits (0ms)
			SetupTypeCache (228ms)
			ReleaseScriptCaches (3ms)
			RebuildScriptCaches (50ms)
			SetupLoadedEditorAssemblies (347ms)
				LogAssemblyErrors (0ms)
				InitializePlatformSupportModulesInManaged (5ms)
				SetLoadedEditorAssemblies (0ms)
				RefreshPlugins (1ms)
				BeforeProcessingInitializeOnLoad (60ms)
				ProcessInitializeOnLoadAttributes (241ms)
				ProcessInitializeOnLoadMethodAttributes (36ms)
				AfterProcessingInitializeOnLoad (3ms)
				EditorAssembliesLoaded (0ms)
			ExecutionOrderSort2 (0ms)
			AwakeInstancesAfterBackupRestoration (8ms)
Platform modules already initialized, skipping
Refreshing native plugins compatible for Editor in 2.95 ms, found 4 plugins.
Preloading 0 native plugins for Editor in 0.00 ms.
Unloading 4073 Unused Serialized files (Serialized files now loaded: 0)
Unloading 29 unused Assets / (195.6 KB). Loaded Objects now: 4622.
Memory consumption went from 160.3 MB to 160.2 MB.
Total: 4.794400 ms (FindLiveObjects: 0.434100 ms CreateObjectMapping: 0.202500 ms MarkObjects: 3.930900 ms  DeleteObjects: 0.224900 ms)

AssetImportParameters requested are different than current active one (requested -> active):
  custom:video-decoder-ogg-theora: a1e56fd34408186e4bbccfd4996cb3dc -> 
  custom:container-muxer-webm: aa71ff27fc2769a1b78a27578f13a17b -> 
  custom:container-demuxer-webm: 4f35f7cbe854078d1ac9338744f61a02 -> 
  custom:video-encoder-webm-vp8: eb34c28f22e8b96e1ab97ce403110664 -> 
  custom:audio-encoder-webm-vorbis: bf7c407c2cedff20999df2af8eb42d56 -> 
  custom:framework-win-MediaFoundation: 216162199b28c13a410421893ffa2e32 -> 
  custom:container-demuxer-ogg: 62fdf1f143b41e24485cea50d1cbac27 -> 
  custom:video-decoder-webm-vp8: 9c59270c3fd7afecdb556c50c9e8de78 -> 
  custom:audio-decoder-ogg-vorbis: bf7c407c2cedff20999df2af8eb42d56 -> 
Editor requested this worker to shutdown with reason: Scaling down because of idle timeout
AssetImportWorker is now disconnected from the server
Process exiting
Exiting without the bug reporter. Application will terminate with return code 0